[0 is 2021-06-22 00:02:08,302 INFO  design.PlayerList:show:44] Main menu is preparing
[658 is 2021-06-22 00:02:08,960 INFO  design.PlayerList:show:162] Main menu has been created
[3346 is 2021-06-22 00:02:11,648 INFO  design.PlayerList:actionPerformed:105] User is going to print his report
[3356 is 2021-06-22 00:02:11,658 INFO  design.PDFGenerator:<init>:45] Creating report
[3480 is 2021-06-22 00:02:11,782 INFO  design.PDFGenerator:addTitle:73] Creating title with russian font
[3530 is 2021-06-22 00:02:11,832 INFO  design.PDFGenerator:addTitle:84] Trying add page
[3618 is 2021-06-22 00:02:11,920 INFO  design.PDFGenerator:addTitle:86] Page added successfully!
[3648 is 2021-06-22 00:02:11,950 INFO  design.PDFGenerator:addTitle:94] Title was construcred
[3648 is 2021-06-22 00:02:11,950 INFO  design.PDFGenerator:<init>:52] Report was created
[3648 is 2021-06-22 00:02:11,950 INFO  design.PDFGenerator:addFootballers:107] Creating page with footballers
[3658 is 2021-06-22 00:02:11,960 INFO  design.PDFGenerator:addFootballers:114] Creating table with footballers
[3658 is 2021-06-22 00:02:11,960 INFO  design.PDFGenerator:addFootballers:117] Table created!
[3717 is 2021-06-22 00:02:12,019 INFO  design.PDFGenerator:addFootballers:153] Trying add page with footballers
[3767 is 2021-06-22 00:02:12,069 INFO  design.PDFGenerator:addFootballers:156] Page added successfully
[3767 is 2021-06-22 00:02:12,069 INFO  design.PDFGenerator:addFootballers:163] Footballers page is over
[3767 is 2021-06-22 00:02:12,069 INFO  design.PDFGenerator:addCals:172] Creating page with calendar
[3767 is 2021-06-22 00:02:12,069 INFO  design.PDFGenerator:addCals:200] Trying add page with calendars
[3777 is 2021-06-22 00:02:12,079 INFO  design.PDFGenerator:addCals:203] Page added successfully!
[3777 is 2021-06-22 00:02:12,079 INFO  design.PDFGenerator:addCals:210] Calendars page is over
[4787 is 2021-06-22 00:02:13,089 INFO  design.PlayerList:actionPerformed:112] Report printed successfully!
[6871 is 2021-06-22 00:02:15,173 INFO  design.PlayerList:actionPerformed:143] User is going to find player with ID
[6871 is 2021-06-22 00:02:15,173 ERROR design.PlayerList:actionPerformed:151] No player with this ID!
[8856 is 2021-06-22 00:02:17,158 INFO  design.PlayerList:actionPerformed:96] User is going to save his changes
[9824 is 2021-06-22 00:02:18,126 INFO  design.PlayerList:actionPerformed:100] Data saved successfully!
[0 is 2021-06-22 06:07:33,251 INFO  design.PlayerList:show:44] Main menu is preparing
[927 is 2021-06-22 06:07:34,178 INFO  design.PlayerList:show:162] Main menu has been created
[86684 is 2021-06-22 06:08:59,935 INFO  design.PlayerList:actionPerformed:105] User is going to print his report
[86684 is 2021-06-22 06:08:59,935 INFO  design.PDFGenerator:<init>:45] Creating report
[86864 is 2021-06-22 06:09:00,115 INFO  design.PDFGenerator:addTitle:73] Creating title with russian font
[86904 is 2021-06-22 06:09:00,155 INFO  design.PDFGenerator:addTitle:84] Trying add page
[86965 is 2021-06-22 06:09:00,216 INFO  design.PDFGenerator:addTitle:86] Page added successfully!
[87027 is 2021-06-22 06:09:00,278 INFO  design.PDFGenerator:addTitle:94] Title was construcred
[87027 is 2021-06-22 06:09:00,278 INFO  design.PDFGenerator:<init>:52] Report was created
[87027 is 2021-06-22 06:09:00,278 INFO  design.PDFGenerator:addFootballers:107] Creating page with footballers
[87037 is 2021-06-22 06:09:00,288 INFO  design.PDFGenerator:addFootballers:114] Creating table with footballers
[87037 is 2021-06-22 06:09:00,288 INFO  design.PDFGenerator:addFootballers:117] Table created!
[87077 is 2021-06-22 06:09:00,328 INFO  design.PDFGenerator:addFootballers:153] Trying add page with footballers
[87154 is 2021-06-22 06:09:00,405 INFO  design.PDFGenerator:addFootballers:156] Page added successfully
[87154 is 2021-06-22 06:09:00,405 INFO  design.PDFGenerator:addFootballers:163] Footballers page is over
[87154 is 2021-06-22 06:09:00,405 INFO  design.PDFGenerator:addCals:172] Creating page with calendar
[87154 is 2021-06-22 06:09:00,405 INFO  design.PDFGenerator:addCals:200] Trying add page with calendars
[87164 is 2021-06-22 06:09:00,415 INFO  design.PDFGenerator:addCals:203] Page added successfully!
[87164 is 2021-06-22 06:09:00,415 INFO  design.PDFGenerator:addCals:210] Calendars page is over
[92259 is 2021-06-22 06:09:05,510 INFO  design.PlayerList:actionPerformed:112] Report printed successfully!
[0 is 2021-06-22 06:26:48,201 INFO  design.PlayerList:show:36] Main menu is preparing
[640 is 2021-06-22 06:26:48,841 INFO  design.PlayerList:show:154] Main menu has been created
[6310 is 2021-06-22 06:26:54,511 INFO  design.PlayerList:actionPerformed:135] User is going to find player with ID
[6320 is 2021-06-22 06:26:54,521 ERROR design.PlayerList:actionPerformed:143] No player with this ID!
[0 is 2021-06-22 06:27:36,716 INFO  design.PlayerList:show:36] Main menu is preparing
[648 is 2021-06-22 06:27:37,364 INFO  design.PlayerList:show:154] Main menu has been created
[0 is 2021-06-22 07:10:00,915 INFO  design.PlayerList:show:36] Main menu is preparing
[602 is 2021-06-22 07:10:01,517 INFO  design.PlayerList:show:160] Main menu has been created
[0 is 2021-06-22 07:11:48,829 INFO  design.PlayerList:show:36] Main menu is preparing
[677 is 2021-06-22 07:11:49,506 INFO  design.PlayerList:show:160] Main menu has been created
[0 is 2021-06-22 07:12:39,678 INFO  design.PlayerList:show:36] Main menu is preparing
[650 is 2021-06-22 07:12:40,328 INFO  design.PlayerList:show:160] Main menu has been created
[0 is 2021-06-22 07:17:38,809 INFO  design.PlayerList:show:36] Main menu is preparing
[574 is 2021-06-22 07:17:39,383 INFO  design.PlayerList:show:166] Main menu has been created
[0 is 2021-06-22 07:37:19,753 INFO  design.PlayerList:show:36] Main menu is preparing
[355 is 2021-06-22 07:37:20,108 INFO  design.PlayerList:show:166] Main menu has been created
[0 is 2021-06-22 07:37:48,690 INFO  design.PlayerList:show:36] Main menu is preparing
[357 is 2021-06-22 07:37:49,047 INFO  design.PlayerList:show:166] Main menu has been created
